2025-10-12T05:07:28.032Z - Prompt to file: Add-an-AI-assistant-feature-to.md, Job: 3844fad4-fbb8-4568-9cef-32af2560c42f
2025-10-12T05:08:37.291Z - Prompt to file: Review-my-application-code-and.md, Job: 3844fad4-fbb8-4568-9cef-32af2560c42f
2025-10-12T05:09:05.698Z - Prompt to file: -and-fix-any-issues-found.md, Job: 3844fad4-fbb8-4568-9cef-32af2560c42f
2025-10-12T05:10:40.463Z - New folder: test-assets, Job: 3844fad4-fbb8-4568-9cef-32af2560c42f
2025-10-12T05:36:01.774Z - Prompt to file: cd.md, Job: 3844fad4-fbb8-4568-9cef-32af2560c42f
2025-10-12T05:39:36.051Z - Prompt to file: Screenshot-2025-10-11-at-11.58.29-PM.md, Job: 3844fad4-fbb8-4568-9cef-32af2560c42f
2025-10-12T05:43:24.044Z - Prompt to file: Set-up-a-database-for-my-appli.md, Job: 3844fad4-fbb8-4568-9cef-32af2560c42f
2025-10-12T05:44:22.892Z - Prompt to file: test-prompt---on-new-line.md, Job: 3844fad4-fbb8-4568-9cef-32af2560c42f
2025-10-12T05:44:43.084Z - Prompt to file: Set-up-a-database-for-my-appli.md, Job: 3844fad4-fbb8-4568-9cef-32af2560c42f
2025-10-12T05:44:46.147Z - Prompt to file: Implement-user-authentication-.md, Job: 3844fad4-fbb8-4568-9cef-32af2560c42f
2025-10-12T05:44:48.744Z - Prompt to file: Integrate-SMS-sending-capabili.md, Job: 3844fad4-fbb8-4568-9cef-32af2560c42f
2025-10-12T05:45:03.247Z - Prompt to file: Add-an-AI-assistant-feature-to.md, Job: 3844fad4-fbb8-4568-9cef-32af2560c42f
2025-10-12T05:47:33.757Z - Prompt to file: Review-my-application-code-and.md, Job: 3844fad4-fbb8-4568-9cef-32af2560c42f
2025-10-12T05:49:35.716Z - Prompt to file: Review-my-application-code-and.md, Job: 3844fad4-fbb8-4568-9cef-32af2560c42f
2025-10-12T05:49:41.557Z - Prompt to file: Add-an-AI-assistant-feature-to.md, Job: 3844fad4-fbb8-4568-9cef-32af2560c42f
2025-10-12T05:51:00.921Z - Prompt to file: Review-my-application-code-and.md, Job: 3844fad4-fbb8-4568-9cef-32af2560c42f
2025-10-12T05:56:45.139Z - Prompt to file: Integrate-p-Please-add-Razorpa.md, Job: 3844fad4-fbb8-4568-9cef-32af2560c42f
2025-10-12T05:57:30.132Z - Prompt to file: Screenshot-2025-10-12-at-10.46.34-AM.md, Job: 3844fad4-fbb8-4568-9cef-32af2560c42f
2025-10-12T06:09:12.863Z - Prompt to file: test-prompt-.md, Job: 3844fad4-fbb8-4568-9cef-32af2560c42f
2025-10-12T06:09:45.451Z - Prompt to file: test-upload.md, Job: 3844fad4-fbb8-4568-9cef-32af2560c42f
2025-10-12T06:12:29.993Z - Prompt to file: single-retry.md, Job: 3844fad4-fbb8-4568-9cef-32af2560c42f
2025-10-12T06:13:26.748Z - Prompt to file: loop-1.md, Job: 3844fad4-fbb8-4568-9cef-32af2560c42f
2025-10-12T06:13:27.159Z - Prompt to file: loop-2.md, Job: 3844fad4-fbb8-4568-9cef-32af2560c42f
2025-10-12T06:20:53.918Z - Prompt to file: test-newline-prompt-.md, Job: 3844fad4-fbb8-4568-9cef-32af2560c42f
2025-10-12T06:51:53.126Z - Prompt to file: test-newline-prompt-newline-li.md, Job: 3844fad4-fbb8-4568-9cef-32af2560c42f
2025-10-12T06:52:53.968Z - Prompt to file: test-upload.md, Job: 3844fad4-fbb8-4568-9cef-32af2560c42f
2025-10-12T07:02:49.167Z - Prompt to file: Test-prompt--verify-prompt-sub.md, Job: 3844fad4-fbb8-4568-9cef-32af2560c42f
2025-10-12T07:26:23.768Z - Prompt to file: Run-a-test-build--add-a-simple.md, Job: 3844fad4-fbb8-4568-9cef-32af2560c42f
2025-10-12T07:35:32.769Z - Prompt to file: Add-a-header-section.md, Job: 3844fad4-fbb8-4568-9cef-32af2560c42f
2025-10-12T07:40:28.868Z - Prompt to file: vxbxf.md, Job: 3844fad4-fbb8-4568-9cef-32af2560c42f
2025-10-12T07:42:28.587Z - Prompt to file: Lorem-ipsum-dolor-sit-amet--co.md, Job: 3844fad4-fbb8-4568-9cef-32af2560c42f
2025-10-12T08:21:42.217Z - Prompt to file: ff.md, Job: 3844fad4-fbb8-4568-9cef-32af2560c42f
2025-10-12T08:21:48.585Z - Prompt to file: Screenshot-2025-10-12-at-9.54.57-AM.md, Job: 3844fad4-fbb8-4568-9cef-32af2560c42f
2025-10-12T09:18:07.538Z - Prompt to file: istockphoto-1475933993-612x612-copy.md, Job: 3844fad4-fbb8-4568-9cef-32af2560c42f
2025-10-12T09:20:05.172Z - Prompt to file: Screenshot-2025-10-12-at-9.54.50-AM.md, Job: 3844fad4-fbb8-4568-9cef-32af2560c42f
2025-10-12T09:20:49.810Z - Prompt to file: te553.md, Job: 3844fad4-fbb8-4568-9cef-32af2560c42f
2025-10-12T09:24:14.907Z - Prompt to file: test-command.md, Job: 3844fad4-fbb8-4568-9cef-32af2560c42f
2025-10-12T09:28:52.124Z - Prompt to file: test-command.md, Job: 3844fad4-fbb8-4568-9cef-32af2560c42f
2025-10-12T09:29:18.772Z - Prompt to file: small.md, Job: 3844fad4-fbb8-4568-9cef-32af2560c42f
2025-10-12T09:30:30.315Z - Prompt to file: run-build.md, Job: 3844fad4-fbb8-4568-9cef-32af2560c42f
2025-10-12T09:41:58.782Z - New folder: test-folder, Job: 3844fad4-fbb8-4568-9cef-32af2560c42f
2025-10-12T09:45:58.378Z - Prompt to file: Screenshot-2025-10-12-at-9.54.50-AM.md, Job: 3844fad4-fbb8-4568-9cef-32af2560c42f
2025-10-12T13:26:00.019Z - Prompt to file: Screenshot-2025-10-12-at-10.10.49-AM.md, Job: 3844fad4-fbb8-4568-9cef-32af2560c42f
2025-10-12T13:26:09.832Z - New folder: dfff, Job: 3844fad4-fbb8-4568-9cef-32af2560c42f
2025-10-13T04:33:13.162Z - Updated file: index.html, Job: d7bac1a6-de1d-4423-abc8-03fab85a0c4f
2025-10-13T14:52:39.515Z - Deleted file: test.txt, Job: fe4b156f-4c6e-476e-8588-ea18f96bf6ab
2025-10-13T14:54:04.319Z - Deleted file: test.txt, Job: 64981f42-80fb-4211-b37c-b352358d15ac
2025-10-13T14:55:27.919Z - Uploaded: 01 background.png (original: 01 background.png), Job: c387d0e3-375a-4ebb-b9d0-8c508bf7b43a, Size: 14615
2025-10-13T14:55:28.449Z - Prompt to file: 01-background.md, Job: c387d0e3-375a-4ebb-b9d0-8c508bf7b43a
2025-10-13T14:57:24.974Z - Deleted file: test.txt, Job: 4709513a-324f-4386-85af-cb0c93e41b39
2025-10-13T15:20:10.112Z - Prompt to file: Decide-what-should-be-the-next.md, Job: c387d0e3-375a-4ebb-b9d0-8c508bf7b43a
2025-10-13T15:23:59.670Z - Prompt to file: dfghjm.md, Job: c387d0e3-375a-4ebb-b9d0-8c508bf7b43a
2025-10-13T15:33:23.417Z - Deleted file: test.txt, Job: 58b4d0ed-fd5e-47b1-86fc-64cd697b3497
2025-10-13T17:52:39.850Z - Prompt to file: guhijk.md, Job: 6cd7b853-bebc-482b-a13b-c1b140d06892
2025-10-13T17:59:16.214Z - Prompt to file: 54rtyu.md, Job: c387d0e3-375a-4ebb-b9d0-8c508bf7b43a
2025-10-13T18:07:50.622Z - Prompt to file: dfghuio.md, Job: c387d0e3-375a-4ebb-b9d0-8c508bf7b43a
2025-10-14T06:47:37.394Z - Prompt to file: tweryrteyr.md, Job: c387d0e3-375a-4ebb-b9d0-8c508bf7b43a
2025-10-14T09:56:39.876Z - Prompt to file: ri.md, Job: c387d0e3-375a-4ebb-b9d0-8c508bf7b43a
2025-10-14T10:03:04.263Z - Prompt to file: hjhthdr.md, Job: c387d0e3-375a-4ebb-b9d0-8c508bf7b43a
